<?xml version="1.0" encoding="UTF-8"?>
<!-- Generated by org.testng.reporters.JUnitReportReporter -->
<testsuite hostname="suharika" failures="0" tests="1" name="com.hrm.unittests.testdataprovider" time="0.007" errors="0" timestamp="2023-04-07T20:52:23 IST" skipped="0">
  <testcase classname="com.hrm.unittests.testdataprovider" name="read" time="0.007"/>
  <system-out/>
</testsuite> <!-- com.hrm.unittests.testdataprovider -->
