<?xml version="1.0" encoding="UTF-8"?>
<!-- Generated by org.testng.reporters.JUnitReportReporter -->
<testsuite hostname="suharika" failures="0" tests="1" name="com.hrm.TestCases.Logindemo" time="3.077" errors="0" timestamp="2023-04-08T20:15:58 IST" skipped="0">
  <testcase classname="com.hrm.TestCases.Logindemo" name="logintest" time="3.077"/>
  <system-out/>
</testsuite> <!-- com.hrm.TestCases.Logindemo -->
